goos: darwin
goarch: arm64
pkg: github.com/grafana/grafana/pkg/api
BenchmarkFolderListAndSearch
    folder_bench_test.go:74: setup start
    folder_bench_test.go:76: setup time: 138.158625ms
BenchmarkFolderListAndSearch/get_root_folders_with_nested_folders_feature_enabled
BenchmarkFolderListAndSearch/get_root_folders_with_nested_folders_feature_enabled-8         	       1	1315311500 ns/op
BenchmarkFolderListAndSearch/get_root_folders_with_nested_folders_feature_enabled-8         	       1	1282395917 ns/op
BenchmarkFolderListAndSearch/get_root_folders_with_nested_folders_feature_enabled-8         	       1	1298037834 ns/op
BenchmarkFolderListAndSearch/get_root_folders_with_nested_folders_feature_enabled-8         	       1	1284294542 ns/op
BenchmarkFolderListAndSearch/get_root_folders_with_nested_folders_feature_enabled-8         	       1	1309121875 ns/op
BenchmarkFolderListAndSearch/get_root_folders_with_nested_folders_feature_enabled-8         	       1	1292233833 ns/op
BenchmarkFolderListAndSearch/get_root_folders_with_nested_folders_feature_enabled-8         	       1	1285209250 ns/op
BenchmarkFolderListAndSearch/get_root_folders_with_nested_folders_feature_enabled-8         	       1	1289264584 ns/op
BenchmarkFolderListAndSearch/get_root_folders_with_nested_folders_feature_enabled-8         	       1	1292498125 ns/op
BenchmarkFolderListAndSearch/get_root_folders_with_nested_folders_feature_enabled-8         	       1	1310532792 ns/op
BenchmarkFolderListAndSearch/get_subfolders_with_nested_folders_feature_enabled
BenchmarkFolderListAndSearch/get_subfolders_with_nested_folders_feature_enabled-8           	       8	 127030073 ns/op
BenchmarkFolderListAndSearch/get_subfolders_with_nested_folders_feature_enabled-8           	       9	 125739810 ns/op
BenchmarkFolderListAndSearch/get_subfolders_with_nested_folders_feature_enabled-8           	       8	 129096938 ns/op
BenchmarkFolderListAndSearch/get_subfolders_with_nested_folders_feature_enabled-8           	       8	 127819422 ns/op
BenchmarkFolderListAndSearch/get_subfolders_with_nested_folders_feature_enabled-8           	       8	 126165229 ns/op
BenchmarkFolderListAndSearch/get_subfolders_with_nested_folders_feature_enabled-8           	       9	 125068750 ns/op
BenchmarkFolderListAndSearch/get_subfolders_with_nested_folders_feature_enabled-8           	       8	 127967156 ns/op
BenchmarkFolderListAndSearch/get_subfolders_with_nested_folders_feature_enabled-8           	       9	 133317208 ns/op
BenchmarkFolderListAndSearch/get_subfolders_with_nested_folders_feature_enabled-8           	       9	 123776810 ns/op
BenchmarkFolderListAndSearch/get_subfolders_with_nested_folders_feature_enabled-8           	       8	 127971677 ns/op
BenchmarkFolderListAndSearch/list_all_inherited_dashboards_with_nested_folders_feature_enabled
BenchmarkFolderListAndSearch/list_all_inherited_dashboards_with_nested_folders_feature_enabled-8         	       1	7512450166 ns/op
BenchmarkFolderListAndSearch/list_all_inherited_dashboards_with_nested_folders_feature_enabled-8         	       1	7229884292 ns/op
BenchmarkFolderListAndSearch/list_all_inherited_dashboards_with_nested_folders_feature_enabled-8         	       1	7026624000 ns/op
BenchmarkFolderListAndSearch/list_all_inherited_dashboards_with_nested_folders_feature_enabled-8         	       1	6884605708 ns/op
BenchmarkFolderListAndSearch/list_all_inherited_dashboards_with_nested_folders_feature_enabled-8         	       1	6809895500 ns/op
BenchmarkFolderListAndSearch/list_all_inherited_dashboards_with_nested_folders_feature_enabled-8         	       1	6909312417 ns/op
BenchmarkFolderListAndSearch/list_all_inherited_dashboards_with_nested_folders_feature_enabled-8         	       1	6867935708 ns/op
BenchmarkFolderListAndSearch/list_all_inherited_dashboards_with_nested_folders_feature_enabled-8         	       1	6929898458 ns/op
BenchmarkFolderListAndSearch/list_all_inherited_dashboards_with_nested_folders_feature_enabled-8         	       1	6937630042 ns/op
BenchmarkFolderListAndSearch/list_all_inherited_dashboards_with_nested_folders_feature_enabled-8         	       1	6968967333 ns/op
BenchmarkFolderListAndSearch/search_for_pattern_with_nested_folders_feature_enabled
