[NX Daemon Server] - 2024-08-23T16:28:34.511Z - Started listening on: /var/folders/87/vr1904cj0n90z_805l0t6_280000gn/T/931341d32128967bd153/d.sock
[NX Daemon Server] - 2024-08-23T16:28:34.524Z - [WATCHER]: Subscribed to changes within: /Users/jevforsberg/go/src/github.com/grafana/grafana (native)
[NX Daemon Server] - 2024-08-23T16:28:34.540Z - Established a connection. Number of open connections: 1
[NX Daemon Server] - 2024-08-23T16:28:34.675Z - Established a connection. Number of open connections: 2
[NX Daemon Server] - 2024-08-23T16:28:36.088Z - [REQUEST]: Responding to the client. handleGlob
[NX Daemon Server] - 2024-08-23T16:28:36.088Z - Done responding to the client handleGlob
[NX Daemon Server] - 2024-08-23T16:28:36.089Z - Handled GLOB. Handling time: 1411. Response time: 1.
[NX Daemon Server] - 2024-08-23T16:28:36.090Z - Closed a connection. Number of open connections: 1
[NX Daemon Server] - 2024-08-23T16:28:36.928Z - [REQUEST]: Responding to the client. handleNxWorkspaceFiles
[NX Daemon Server] - 2024-08-23T16:28:36.954Z - Done responding to the client handleNxWorkspaceFiles
[NX Daemon Server] - 2024-08-23T16:28:36.955Z - Handled GET_NX_WORKSPACE_FILES. Handling time: 38. Response time: 27.
[NX Daemon Server] - 2024-08-23T16:28:37.506Z - Closed a connection. Number of open connections: 0
[NX Daemon Server] - 2024-08-23T16:28:47.170Z - [WATCHER]: Processing file changes in outputs
[NX Daemon Server] - 2024-08-23T16:28:48.040Z - Established a connection. Number of open connections: 1
[NX Daemon Server] - 2024-08-23T16:28:48.041Z - Closed a connection. Number of open connections: 0
[NX Daemon Server] - 2024-08-23T16:28:48.041Z - Established a connection. Number of open connections: 1
[NX Daemon Server] - 2024-08-23T16:28:48.042Z - [REQUEST]: Client Request for Project Graph Received
[NX Daemon Server] - 2024-08-23T16:28:48.054Z - [REQUEST]: Updated workspace context based on watched changes, recomputing project graph...
[NX Daemon Server] - 2024-08-23T16:28:48.054Z - [REQUEST]: 
[NX Daemon Server] - 2024-08-23T16:28:48.054Z - [REQUEST]: 
[NX Daemon Server] - 2024-08-23T16:28:48.448Z - [REQUEST]: Responding to the client. project-graph
[NX Daemon Server] - 2024-08-23T16:28:48.451Z - Time taken for 'total for creating and serializing project graph' 405.41379199922085ms
[NX Daemon Server] - 2024-08-23T16:28:48.458Z - Done responding to the client project-graph
[NX Daemon Server] - 2024-08-23T16:28:48.458Z - Handled REQUEST_PROJECT_GRAPH. Handling time: 406. Response time: 10.
[NX Daemon Server] - 2024-08-23T16:28:50.055Z - Established a connection. Number of open connections: 2
[NX Daemon Server] - 2024-08-23T16:28:50.072Z - Established a connection. Number of open connections: 3
[NX Daemon Server] - 2024-08-23T16:28:50.082Z - Closed a connection. Number of open connections: 2
[NX Daemon Server] - 2024-08-23T16:28:50.083Z - [REQUEST]: Client Request for Project Graph Received
[NX Daemon Server] - 2024-08-23T16:28:50.083Z - [REQUEST]: Responding to the client. project-graph
[NX Daemon Server] - 2024-08-23T16:28:50.091Z - Time taken for 'total for creating and serializing project graph' 0.3262920007109642ms
[NX Daemon Server] - 2024-08-23T16:28:50.101Z - Done responding to the client project-graph
[NX Daemon Server] - 2024-08-23T16:28:50.101Z - Handled REQUEST_PROJECT_GRAPH. Handling time: 0. Response time: 18.
[NX Daemon Server] - 2024-08-23T16:28:50.219Z - [REQUEST]: Responding to the client. handleHashTasks
[NX Daemon Server] - 2024-08-23T16:28:50.233Z - Done responding to the client handleHashTasks
[NX Daemon Server] - 2024-08-23T16:28:50.233Z - Handled HASH_TASKS. Handling time: 88. Response time: 14.
[NX Daemon Server] - 2024-08-23T16:28:54.059Z - [WATCHER]: 0 file(s) created or restored, 3 file(s) modified, 0 file(s) deleted
[NX Daemon Server] - 2024-08-23T16:28:54.073Z - [WATCHER]: Processing file changes in outputs
[NX Daemon Server] - 2024-08-23T16:28:54.076Z - [REQUEST]: Responding to the client. recordOutputsHash
[NX Daemon Server] - 2024-08-23T16:28:54.077Z - Done responding to the client recordOutputsHash
[NX Daemon Server] - 2024-08-23T16:28:54.077Z - Handled RECORD_OUTPUTS_HASH. Handling time: 1. Response time: 1.
[NX Daemon Server] - 2024-08-23T16:28:54.141Z - [WATCHER]: Processing file changes in outputs
[NX Daemon Server] - 2024-08-23T16:28:54.163Z - [WATCHER]: 0 file(s) created or restored, 3 file(s) modified, 0 file(s) deleted
[NX Daemon Server] - 2024-08-23T16:28:54.219Z - [REQUEST]: Updated workspace context based on watched changes, recomputing project graph...
[NX Daemon Server] - 2024-08-23T16:28:54.219Z - [REQUEST]: public/sass/_variables.dark.generated.scss,public/sass/_variables.light.generated.scss,public/sass/_variables.generated.scss
[NX Daemon Server] - 2024-08-23T16:28:54.219Z - [REQUEST]: 
[NX Daemon Server] - 2024-08-23T16:28:54.488Z - Time taken for 'hash changed files from watcher' 42.505000000819564ms
[NX Daemon Server] - 2024-08-23T16:28:59.264Z - [WATCHER]: Processing file changes in outputs
[NX Daemon Server] - 2024-08-23T16:29:00.716Z - [REQUEST]: Responding to the client. recordOutputsHash
[NX Daemon Server] - 2024-08-23T16:29:00.716Z - Done responding to the client recordOutputsHash
[NX Daemon Server] - 2024-08-23T16:29:00.716Z - Handled RECORD_OUTPUTS_HASH. Handling time: 2. Response time: 0.
[NX Daemon Server] - 2024-08-23T16:29:00.778Z - [WATCHER]: Processing file changes in outputs
[NX Daemon Server] - 2024-08-23T16:29:01.436Z - [WATCHER]: Processing file changes in outputs
[NX Daemon Server] - 2024-08-23T16:29:02.790Z - [REQUEST]: Responding to the client. recordOutputsHash
[NX Daemon Server] - 2024-08-23T16:29:02.790Z - Done responding to the client recordOutputsHash
[NX Daemon Server] - 2024-08-23T16:29:02.790Z - Handled RECORD_OUTPUTS_HASH. Handling time: 1. Response time: 0.
[NX Daemon Server] - 2024-08-23T16:29:02.848Z - [WATCHER]: Processing file changes in outputs
[NX Daemon Server] - 2024-08-23T16:29:06.041Z - [WATCHER]: Processing file changes in outputs
[NX Daemon Server] - 2024-08-23T16:29:06.947Z - [WATCHER]: Processing file changes in outputs
[NX Daemon Server] - 2024-08-23T16:29:07.379Z - [REQUEST]: Responding to the client. recordOutputsHash
[NX Daemon Server] - 2024-08-23T16:29:07.379Z - Done responding to the client recordOutputsHash
[NX Daemon Server] - 2024-08-23T16:29:07.379Z - Handled RECORD_OUTPUTS_HASH. Handling time: 2. Response time: 0.
[NX Daemon Server] - 2024-08-23T16:29:07.441Z - [WATCHER]: Processing file changes in outputs
[NX Daemon Server] - 2024-08-23T16:29:08.580Z - [REQUEST]: Responding to the client. recordOutputsHash
[NX Daemon Server] - 2024-08-23T16:29:08.580Z - Done responding to the client recordOutputsHash
[NX Daemon Server] - 2024-08-23T16:29:08.580Z - Handled RECORD_OUTPUTS_HASH. Handling time: 1. Response time: 0.
[NX Daemon Server] - 2024-08-23T16:29:08.638Z - [WATCHER]: Processing file changes in outputs
[NX Daemon Server] - 2024-08-23T16:29:13.154Z - [WATCHER]: Processing file changes in outputs
[NX Daemon Server] - 2024-08-23T16:29:13.723Z - [WATCHER]: Processing file changes in outputs
[NX Daemon Server] - 2024-08-23T16:29:14.032Z - [WATCHER]: Processing file changes in outputs
[NX Daemon Server] - 2024-08-23T16:29:14.347Z - [REQUEST]: Responding to the client. recordOutputsHash
[NX Daemon Server] - 2024-08-23T16:29:14.347Z - Done responding to the client recordOutputsHash
[NX Daemon Server] - 2024-08-23T16:29:14.347Z - Handled RECORD_OUTPUTS_HASH. Handling time: 0. Response time: 0.
[NX Daemon Server] - 2024-08-23T16:29:14.403Z - [WATCHER]: Processing file changes in outputs
[NX Daemon Server] - 2024-08-23T16:29:14.798Z - [REQUEST]: Responding to the client. recordOutputsHash
[NX Daemon Server] - 2024-08-23T16:29:14.798Z - Done responding to the client recordOutputsHash
[NX Daemon Server] - 2024-08-23T16:29:14.798Z - Handled RECORD_OUTPUTS_HASH. Handling time: 0. Response time: 0.
[NX Daemon Server] - 2024-08-23T16:29:14.854Z - [WATCHER]: Processing file changes in outputs
[NX Daemon Server] - 2024-08-23T16:29:16.076Z - [REQUEST]: Responding to the client. recordOutputsHash
[NX Daemon Server] - 2024-08-23T16:29:16.076Z - Done responding to the client recordOutputsHash
[NX Daemon Server] - 2024-08-23T16:29:16.076Z - Handled RECORD_OUTPUTS_HASH. Handling time: 1. Response time: 0.
[NX Daemon Server] - 2024-08-23T16:29:16.133Z - [WATCHER]: Processing file changes in outputs
[NX Daemon Server] - 2024-08-23T16:29:18.873Z - [WATCHER]: Processing file changes in outputs
[NX Daemon Server] - 2024-08-23T16:29:20.415Z - [REQUEST]: Responding to the client. recordOutputsHash
[NX Daemon Server] - 2024-08-23T16:29:20.415Z - Done responding to the client recordOutputsHash
[NX Daemon Server] - 2024-08-23T16:29:20.415Z - Handled RECORD_OUTPUTS_HASH. Handling time: 0. Response time: 0.
[NX Daemon Server] - 2024-08-23T16:29:20.471Z - [WATCHER]: Processing file changes in outputs
[NX Daemon Server] - 2024-08-23T16:29:25.578Z - [WATCHER]: Processing file changes in outputs
[NX Daemon Server] - 2024-08-23T16:29:26.789Z - [REQUEST]: Responding to the client. recordOutputsHash
[NX Daemon Server] - 2024-08-23T16:29:26.790Z - Done responding to the client recordOutputsHash
[NX Daemon Server] - 2024-08-23T16:29:26.790Z - Handled RECORD_OUTPUTS_HASH. Handling time: 0. Response time: 1.
[NX Daemon Server] - 2024-08-23T16:29:26.844Z - [WATCHER]: Processing file changes in outputs
[NX Daemon Server] - 2024-08-23T16:29:27.601Z - [WATCHER]: Processing file changes in outputs
[NX Daemon Server] - 2024-08-23T16:29:28.969Z - [REQUEST]: Responding to the client. recordOutputsHash
[NX Daemon Server] - 2024-08-23T16:29:28.969Z - Done responding to the client recordOutputsHash
[NX Daemon Server] - 2024-08-23T16:29:28.969Z - Handled RECORD_OUTPUTS_HASH. Handling time: 1. Response time: 0.
[NX Daemon Server] - 2024-08-23T16:29:29.024Z - [WATCHER]: Processing file changes in outputs
[NX Daemon Server] - 2024-08-23T16:29:30.097Z - Established a connection. Number of open connections: 3
[NX Daemon Server] - 2024-08-23T16:29:30.097Z - Closed a connection. Number of open connections: 2
[NX Daemon Server] - 2024-08-23T16:29:30.098Z - Established a connection. Number of open connections: 3
[NX Daemon Server] - 2024-08-23T16:29:30.099Z - [REQUEST]: Client Request for Project Graph Received
[NX Daemon Server] - 2024-08-23T16:29:30.099Z - [REQUEST]: Responding to the client. project-graph
[NX Daemon Server] - 2024-08-23T16:29:30.102Z - Time taken for 'total for creating and serializing project graph' 0.3037499990314245ms
[NX Daemon Server] - 2024-08-23T16:29:30.109Z - Done responding to the client project-graph
[NX Daemon Server] - 2024-08-23T16:29:30.109Z - Handled REQUEST_PROJECT_GRAPH. Handling time: 0. Response time: 10.
[NX Daemon Server] - 2024-08-23T16:30:12.331Z - [WATCHER]: Processing file changes in outputs
[NX Daemon Server] - 2024-08-23T16:30:12.381Z - [WATCHER]: Processing file changes in outputs
[NX Daemon Server] - 2024-08-23T16:30:12.436Z - [WATCHER]: Processing file changes in outputs
[NX Daemon Server] - 2024-08-23T16:30:12.490Z - [WATCHER]: Processing file changes in outputs
[NX Daemon Server] - 2024-08-23T16:30:12.550Z - [WATCHER]: Processing file changes in outputs
[NX Daemon Server] - 2024-08-23T16:30:12.604Z - [WATCHER]: Processing file changes in outputs
[NX Daemon Server] - 2024-08-23T16:30:12.657Z - [WATCHER]: Processing file changes in outputs
[NX Daemon Server] - 2024-08-23T16:30:12.709Z - [WATCHER]: Processing file changes in outputs
[NX Daemon Server] - 2024-08-23T16:30:12.968Z - [WATCHER]: Processing file changes in outputs
[NX Daemon Server] - 2024-08-23T16:30:13.040Z - [WATCHER]: Processing file changes in outputs
[NX Daemon Server] - 2024-08-23T16:30:13.105Z - [WATCHER]: Processing file changes in outputs
[NX Daemon Server] - 2024-08-23T16:30:13.158Z - [WATCHER]: Processing file changes in outputs
[NX Daemon Server] - 2024-08-23T16:30:13.214Z - [WATCHER]: Processing file changes in outputs
[NX Daemon Server] - 2024-08-23T16:30:13.271Z - [WATCHER]: Processing file changes in outputs
[NX Daemon Server] - 2024-08-23T16:30:13.362Z - [WATCHER]: Processing file changes in outputs
[NX Daemon Server] - 2024-08-23T16:30:13.419Z - [WATCHER]: Processing file changes in outputs
[NX Daemon Server] - 2024-08-23T16:30:13.472Z - [WATCHER]: Processing file changes in outputs
[NX Daemon Server] - 2024-08-23T16:30:13.545Z - [WATCHER]: Processing file changes in outputs
[NX Daemon Server] - 2024-08-23T16:30:13.611Z - [WATCHER]: Processing file changes in outputs
[NX Daemon Server] - 2024-08-23T16:30:13.671Z - [WATCHER]: Processing file changes in outputs
[NX Daemon Server] - 2024-08-23T16:30:46.471Z - [WATCHER]: Processing file changes in outputs
[NX Daemon Server] - 2024-08-23T16:37:53.727Z - [WATCHER]: Processing file changes in outputs
[NX Daemon Server] - 2024-08-23T16:47:53.721Z - [WATCHER]: Processing file changes in outputs
[NX Daemon Server] - 2024-08-23T16:57:53.692Z - [WATCHER]: Processing file changes in outputs
[NX Daemon Server] - 2024-08-23T17:00:46.811Z - [WATCHER]: Processing file changes in outputs
[NX Daemon Server] - 2024-08-23T17:00:48.386Z - [WATCHER]: Processing file changes in outputs
[NX Daemon Server] - 2024-08-23T17:00:48.515Z - [WATCHER]: Processing file changes in outputs
[NX Daemon Server] - 2024-08-23T17:02:32.873Z - Closed a connection. Number of open connections: 2
[NX Daemon Server] - 2024-08-23T17:02:32.973Z - Closed a connection. Number of open connections: 1
[NX Daemon Server] - 2024-08-23T17:02:33.074Z - Closed a connection. Number of open connections: 0
[NX Daemon Server] - 2024-08-23T17:02:35.837Z - [WATCHER]: Processing file changes in outputs
[NX Daemon Server] - 2024-08-23T19:29:30.114Z - [WATCHER]: Stopping the watcher for /Users/jevforsberg/go/src/github.com/grafana/grafana (sources)
[NX Daemon Server] - 2024-08-23T19:29:30.115Z - [WATCHER]: Stopping the watcher for /Users/jevforsberg/go/src/github.com/grafana/grafana (outputs)
[NX Daemon Server] - 2024-08-23T19:29:30.115Z - Server stopped because: "10800000ms of inactivity"
[NX Daemon Server] - 2024-08-29T22:07:10.670Z - Started listening on: /var/folders/87/vr1904cj0n90z_805l0t6_280000gn/T/931341d32128967bd153/d.sock
[NX Daemon Server] - 2024-08-29T22:07:10.672Z - [WATCHER]: Subscribed to changes within: /Users/jevforsberg/go/src/github.com/grafana/grafana (native)
[NX Daemon Server] - 2024-08-29T22:07:10.678Z - Established a connection. Number of open connections: 1
[NX Daemon Server] - 2024-08-29T22:07:10.679Z - Established a connection. Number of open connections: 2
[NX Daemon Server] - 2024-08-29T22:07:10.680Z - [REQUEST]: Client Request for Project Graph Received
[NX Daemon Server] - 2024-08-29T22:07:10.805Z - [REQUEST]: Updated workspace context based on watched changes, recomputing project graph...
[NX Daemon Server] - 2024-08-29T22:07:10.806Z - [REQUEST]: 
[NX Daemon Server] - 2024-08-29T22:07:10.806Z - [REQUEST]: 
[NX Daemon Server] - 2024-08-29T22:07:12.256Z - [REQUEST]: Responding to the client. project-graph
[NX Daemon Server] - 2024-08-29T22:07:12.260Z - Time taken for 'total for creating and serializing project graph' 1575.718791000545ms
[NX Daemon Server] - 2024-08-29T22:07:12.260Z - Closed a connection. Number of open connections: 1
[NX Daemon Server] - 2024-08-29T22:07:12.266Z - Done responding to the client project-graph
[NX Daemon Server] - 2024-08-29T22:07:12.266Z - Handled REQUEST_PROJECT_GRAPH. Handling time: 1576. Response time: 10.
[NX Daemon Server] - 2024-08-29T22:07:12.996Z - Established a connection. Number of open connections: 2
[NX Daemon Server] - 2024-08-29T22:07:12.996Z - Closed a connection. Number of open connections: 1
[NX Daemon Server] - 2024-08-29T22:07:12.997Z - Established a connection. Number of open connections: 2
[NX Daemon Server] - 2024-08-29T22:07:12.999Z - [REQUEST]: Client Request for Project Graph Received
[NX Daemon Server] - 2024-08-29T22:07:12.999Z - [REQUEST]: Responding to the client. project-graph
[NX Daemon Server] - 2024-08-29T22:07:13.002Z - Time taken for 'total for creating and serializing project graph' 0.10912499949336052ms
[NX Daemon Server] - 2024-08-29T22:07:13.005Z - Done responding to the client project-graph
[NX Daemon Server] - 2024-08-29T22:07:13.005Z - Handled REQUEST_PROJECT_GRAPH. Handling time: 0. Response time: 6.
[NX Daemon Server] - 2024-08-29T22:07:13.060Z - [REQUEST]: Responding to the client. handleHashTasks
[NX Daemon Server] - 2024-08-29T22:07:13.073Z - Done responding to the client handleHashTasks
[NX Daemon Server] - 2024-08-29T22:07:13.073Z - Handled HASH_TASKS. Handling time: 42. Response time: 13.
[NX Daemon Server] - 2024-08-29T22:07:15.035Z - [REQUEST]: Responding to the client. recordOutputsHash
[NX Daemon Server] - 2024-08-29T22:07:15.035Z - Done responding to the client recordOutputsHash
[NX Daemon Server] - 2024-08-29T22:07:15.035Z - Handled RECORD_OUTPUTS_HASH. Handling time: 0. Response time: 0.
[NX Daemon Server] - 2024-08-29T22:07:15.073Z - [WATCHER]: 0 file(s) created or restored, 3 file(s) modified, 0 file(s) deleted
[NX Daemon Server] - 2024-08-29T22:07:15.073Z - [WATCHER]: Processing file changes in outputs
[NX Daemon Server] - 2024-08-29T22:07:15.184Z - [REQUEST]: Updated workspace context based on watched changes, recomputing project graph...
[NX Daemon Server] - 2024-08-29T22:07:15.184Z - [REQUEST]: public/sass/_variables.dark.generated.scss,public/sass/_variables.light.generated.scss,public/sass/_variables.generated.scss
[NX Daemon Server] - 2024-08-29T22:07:15.184Z - [REQUEST]: 
[NX Daemon Server] - 2024-08-29T22:07:15.312Z - Time taken for 'hash changed files from watcher' 8.986040998250246ms
[NX Daemon Server] - 2024-08-29T22:07:17.549Z - [WATCHER]: Processing file changes in outputs
[NX Daemon Server] - 2024-08-29T22:07:18.805Z - [REQUEST]: Responding to the client. recordOutputsHash
[NX Daemon Server] - 2024-08-29T22:07:18.805Z - Done responding to the client recordOutputsHash
[NX Daemon Server] - 2024-08-29T22:07:18.805Z - Handled RECORD_OUTPUTS_HASH. Handling time: 1. Response time: 0.
[NX Daemon Server] - 2024-08-29T22:07:18.862Z - [WATCHER]: Processing file changes in outputs
[NX Daemon Server] - 2024-08-29T22:07:20.086Z - [WATCHER]: Processing file changes in outputs
[NX Daemon Server] - 2024-08-29T22:07:21.192Z - [REQUEST]: Responding to the client. recordOutputsHash
[NX Daemon Server] - 2024-08-29T22:07:21.192Z - Done responding to the client recordOutputsHash
[NX Daemon Server] - 2024-08-29T22:07:21.192Z - Handled RECORD_OUTPUTS_HASH. Handling time: 1. Response time: 0.
[NX Daemon Server] - 2024-08-29T22:07:21.250Z - [WATCHER]: Processing file changes in outputs
[NX Daemon Server] - 2024-08-29T22:07:23.861Z - [WATCHER]: Processing file changes in outputs
[NX Daemon Server] - 2024-08-29T22:07:24.114Z - [WATCHER]: Processing file changes in outputs
[NX Daemon Server] - 2024-08-29T22:07:25.036Z - [REQUEST]: Responding to the client. recordOutputsHash
[NX Daemon Server] - 2024-08-29T22:07:25.036Z - Done responding to the client recordOutputsHash
[NX Daemon Server] - 2024-08-29T22:07:25.036Z - Handled RECORD_OUTPUTS_HASH. Handling time: 1. Response time: 0.
[NX Daemon Server] - 2024-08-29T22:07:25.092Z - [WATCHER]: Processing file changes in outputs
[NX Daemon Server] - 2024-08-29T22:07:25.523Z - [REQUEST]: Responding to the client. recordOutputsHash
[NX Daemon Server] - 2024-08-29T22:07:25.524Z - Done responding to the client recordOutputsHash
[NX Daemon Server] - 2024-08-29T22:07:25.524Z - Handled RECORD_OUTPUTS_HASH. Handling time: 0. Response time: 1.
[NX Daemon Server] - 2024-08-29T22:07:25.581Z - [WATCHER]: Processing file changes in outputs
[NX Daemon Server] - 2024-08-29T22:07:29.669Z - [WATCHER]: Processing file changes in outputs
[NX Daemon Server] - 2024-08-29T22:07:30.022Z - [WATCHER]: Processing file changes in outputs
[NX Daemon Server] - 2024-08-29T22:07:30.679Z - [REQUEST]: Responding to the client. recordOutputsHash
[NX Daemon Server] - 2024-08-29T22:07:30.679Z - Done responding to the client recordOutputsHash
[NX Daemon Server] - 2024-08-29T22:07:30.679Z - Handled RECORD_OUTPUTS_HASH. Handling time: 1. Response time: 0.
[NX Daemon Server] - 2024-08-29T22:07:30.734Z - [WATCHER]: Processing file changes in outputs
[NX Daemon Server] - 2024-08-29T22:07:30.840Z - [REQUEST]: Responding to the client. recordOutputsHash
[NX Daemon Server] - 2024-08-29T22:07:30.840Z - Done responding to the client recordOutputsHash
[NX Daemon Server] - 2024-08-29T22:07:30.840Z - Handled RECORD_OUTPUTS_HASH. Handling time: 0. Response time: 0.
[NX Daemon Server] - 2024-08-29T22:07:30.896Z - [WATCHER]: Processing file changes in outputs
[NX Daemon Server] - 2024-08-29T22:07:32.621Z - [REQUEST]: Responding to the client. recordOutputsHash
[NX Daemon Server] - 2024-08-29T22:07:32.621Z - Done responding to the client recordOutputsHash
[NX Daemon Server] - 2024-08-29T22:07:32.621Z - Handled RECORD_OUTPUTS_HASH. Handling time: 1. Response time: 0.
[NX Daemon Server] - 2024-08-29T22:07:32.677Z - [WATCHER]: Processing file changes in outputs
[NX Daemon Server] - 2024-08-29T22:07:36.824Z - [WATCHER]: Processing file changes in outputs
[NX Daemon Server] - 2024-08-29T22:07:38.356Z - [REQUEST]: Responding to the client. recordOutputsHash
[NX Daemon Server] - 2024-08-29T22:07:38.356Z - Done responding to the client recordOutputsHash
[NX Daemon Server] - 2024-08-29T22:07:38.356Z - Handled RECORD_OUTPUTS_HASH. Handling time: 0. Response time: 1.
[NX Daemon Server] - 2024-08-29T22:07:43.026Z - [WATCHER]: Processing file changes in outputs
[NX Daemon Server] - 2024-08-29T22:07:45.208Z - [REQUEST]: Responding to the client. recordOutputsHash
[NX Daemon Server] - 2024-08-29T22:07:45.208Z - Done responding to the client recordOutputsHash
[NX Daemon Server] - 2024-08-29T22:07:45.208Z - Handled RECORD_OUTPUTS_HASH. Handling time: 0. Response time: 0.
[NX Daemon Server] - 2024-08-29T22:07:45.266Z - [WATCHER]: Processing file changes in outputs
[NX Daemon Server] - 2024-08-29T22:07:50.798Z - [WATCHER]: Processing file changes in outputs
[NX Daemon Server] - 2024-08-29T22:07:51.544Z - [WATCHER]: Processing file changes in outputs
[NX Daemon Server] - 2024-08-29T22:07:52.526Z - [REQUEST]: Responding to the client. recordOutputsHash
[NX Daemon Server] - 2024-08-29T22:07:52.527Z - Done responding to the client recordOutputsHash
[NX Daemon Server] - 2024-08-29T22:07:52.527Z - Handled RECORD_OUTPUTS_HASH. Handling time: 0. Response time: 1.
[NX Daemon Server] - 2024-08-29T22:07:52.582Z - [WATCHER]: Processing file changes in outputs
[NX Daemon Server] - 2024-08-29T22:07:53.351Z - [REQUEST]: Responding to the client. recordOutputsHash
[NX Daemon Server] - 2024-08-29T22:07:53.352Z - Done responding to the client recordOutputsHash
[NX Daemon Server] - 2024-08-29T22:07:53.352Z - Handled RECORD_OUTPUTS_HASH. Handling time: 0. Response time: 1.
[NX Daemon Server] - 2024-08-29T22:07:53.406Z - [WATCHER]: Processing file changes in outputs
[NX Daemon Server] - 2024-08-29T22:07:54.444Z - Established a connection. Number of open connections: 3
[NX Daemon Server] - 2024-08-29T22:07:54.444Z - Closed a connection. Number of open connections: 2
[NX Daemon Server] - 2024-08-29T22:07:54.445Z - Established a connection. Number of open connections: 3
[NX Daemon Server] - 2024-08-29T22:07:54.445Z - [REQUEST]: Client Request for Project Graph Received
[NX Daemon Server] - 2024-08-29T22:07:54.446Z - [REQUEST]: Responding to the client. project-graph
[NX Daemon Server] - 2024-08-29T22:07:54.449Z - Time taken for 'total for creating and serializing project graph' 0.1448330022394657ms
[NX Daemon Server] - 2024-08-29T22:07:54.454Z - Done responding to the client project-graph
[NX Daemon Server] - 2024-08-29T22:07:54.454Z - Handled REQUEST_PROJECT_GRAPH. Handling time: 1. Response time: 8.
[NX Daemon Server] - 2024-08-29T22:08:34.375Z - [WATCHER]: Processing file changes in outputs
[NX Daemon Server] - 2024-08-29T22:08:34.442Z - [WATCHER]: Processing file changes in outputs
[NX Daemon Server] - 2024-08-29T22:08:34.498Z - [WATCHER]: Processing file changes in outputs
[NX Daemon Server] - 2024-08-29T22:08:34.563Z - [WATCHER]: Processing file changes in outputs
[NX Daemon Server] - 2024-08-29T22:08:34.735Z - [WATCHER]: Processing file changes in outputs
[NX Daemon Server] - 2024-08-29T22:08:34.807Z - [WATCHER]: Processing file changes in outputs
[NX Daemon Server] - 2024-08-29T22:08:34.969Z - [WATCHER]: Processing file changes in outputs
[NX Daemon Server] - 2024-08-29T22:08:35.032Z - [WATCHER]: Processing file changes in outputs
[NX Daemon Server] - 2024-08-29T22:08:35.122Z - [WATCHER]: Processing file changes in outputs
[NX Daemon Server] - 2024-08-29T22:08:35.188Z - [WATCHER]: Processing file changes in outputs
[NX Daemon Server] - 2024-08-29T22:08:35.351Z - [WATCHER]: Processing file changes in outputs
[NX Daemon Server] - 2024-08-29T22:08:35.491Z - [WATCHER]: Processing file changes in outputs
[NX Daemon Server] - 2024-08-29T22:08:35.557Z - [WATCHER]: Processing file changes in outputs
[NX Daemon Server] - 2024-08-29T22:08:35.668Z - [WATCHER]: Processing file changes in outputs
[NX Daemon Server] - 2024-08-29T22:08:35.731Z - [WATCHER]: Processing file changes in outputs
[NX Daemon Server] - 2024-08-29T22:08:35.787Z - [WATCHER]: Processing file changes in outputs
[NX Daemon Server] - 2024-08-29T22:08:35.896Z - [WATCHER]: Processing file changes in outputs
[NX Daemon Server] - 2024-08-29T22:08:35.976Z - [WATCHER]: Processing file changes in outputs
[NX Daemon Server] - 2024-08-29T22:08:36.246Z - [WATCHER]: Processing file changes in outputs
[NX Daemon Server] - 2024-08-29T22:08:36.376Z - [WATCHER]: Processing file changes in outputs
[NX Daemon Server] - 2024-08-29T22:09:32.134Z - [WATCHER]: Processing file changes in outputs
[NX Daemon Server] - 2024-08-30T01:07:54.109Z - There are 3 open connections. Reset inactivity timer.
[NX Daemon Server] - 2024-08-30T07:19:57.305Z - There are 3 open connections. Reset inactivity timer.
[NX Daemon Server] - 2024-08-30T16:00:55.160Z - There are 3 open connections. Reset inactivity timer.
[NX Daemon Server] - 2024-08-30T19:00:54.730Z - There are 3 open connections. Reset inactivity timer.
[NX Daemon Server] - 2024-08-30T22:00:54.452Z - There are 3 open connections. Reset inactivity timer.
[NX Daemon Server] - 2024-08-31T01:00:53.967Z - There are 3 open connections. Reset inactivity timer.
[NX Daemon Server] - 2024-09-01T20:58:14.754Z - There are 3 open connections. Reset inactivity timer.
[NX Daemon Server] - 2024-09-03T13:01:12.229Z - Closed a connection. Number of open connections: 2
[NX Daemon Server] - 2024-09-03T13:01:12.231Z - There are 2 open connections. Reset inactivity timer.
[NX Daemon Server] - 2024-09-03T13:01:15.543Z - Closed a connection. Number of open connections: 1
